
-----
Test: test_res/test_ads.py::test_slider (call)
Start time: 2025-07-28 16:58:55.003824
Start name method: time javaScripts

End time: 2025-07-28 16:59:06.436554
End name method: hover
URL: https://practice-automation.com/ads/

-----

-----
Test: test_res/test_calendar.py::test_slider (call)
Start time: 2025-07-28 16:59:08.199811
Start name method: time javaScripts

End time: 2025-07-28 16:59:12.407574
End name method: Calendar
URL: https://practice-automation.com/calendars/#contact-form-1065-2-1

-----

-----
Test: test_res/test_click_events.py::test_click_events (call)
Start time: 2025-07-28 16:59:14.202110
Start name method: time javaScripts

End time: 2025-07-28 16:59:19.359827
End name method: click_events
URL: https://practice-automation.com/click-events/

-----

-----
Test: test_res/test_gestures.py::test_gestures (call)
Start time: 2025-07-28 16:59:21.067107
Start name method: time javaScripts

End time: 2025-07-28 16:59:32.080223
End name method: gestures
URL: https://practice-automation.com/gestures/

-----

-----
Test: test_res/test_hover.py::test_hover (call)
Start time: 2025-07-28 16:59:33.860985
Start name method: time javaScripts

End time: 2025-07-28 16:59:40.403099
End name method: hover
URL: https://practice-automation.com/hover/

-----

-----
Test: test_res/test_iframes.py::test_iframe (call)
Start time: 2025-07-28 16:59:42.210282
Start name method: time javaScripts

End time: 2025-07-28 17:00:07.716624
End name method: iframes
URL: https://practice-automation.com/iframes/

-----

-----
Test: test_res/test_input_forms.py::test_forms (call)
Start time: 2025-07-28 17:00:09.492136
Start name method: Input forms

End time: 2025-07-28 17:00:26.131157
End name method: Input forms
URL: https://practice-automation.com/form-fields/

-----

-----
Test: test_res/test_javaScripts.py::test_time_Js (call)
Start time: 2025-07-28 17:00:27.911853
Start name method: time javaScripts

End time: 2025-07-28 17:00:39.914055
End name method: js
URL: https://practice-automation.com/javascript-delays/

-----

-----
Test: test_res/test_modals.py::test_modals (call)
Start time: 2025-07-28 17:00:41.674068
Start name method: time javaScripts

End time: 2025-07-28 17:00:48.135208
End name method: modals
URL: https://practice-automation.com/modals/?contact-form-id=1051&contact-form-sent=98620&contact-form-hash=78fe9e23dbcfea1efb3fd77344a5f4fd08fa3962&_wpnonce=4b62f19d5c#contact-form-1051

-----

-----
Test: test_res/test_popups.py::test_popups (call)
Start time: 2025-07-28 17:00:49.935339
Start name method: popups

End time: 2025-07-28 17:01:00.856532
End name method: popups
URL: https://practice-automation.com/popups/

-----

-----
Test: test_res/test_slider.py::test_slider (call)
Start time: 2025-07-28 17:01:02.684898
Start name method: time javaScripts

End time: 2025-07-28 17:01:16.097914
End name method: slider
URL: https://practice-automation.com/slider/

-----

-----
Test: test_res/test_tables.py::test_tables (call)
Start time: 2025-07-28 17:01:17.862355
Start name method: time javaScripts

End time: 2025-07-28 17:01:24.749115
End name method: tables
URL: https://practice-automation.com/tables/

-----

-----
Test: test_res/test_window_operations.py::test_window_operations (call)
Start time: 2025-07-28 17:01:26.499746
Start name method: time javaScripts

End time: 2025-07-28 17:01:37.680518
End name method: window_operations
URL: https://practice-automation.com/window-operations/

-----
